<?xml version="1.0" encoding="UTF-8"?>
<!-- Generated by org.testng.reporters.JUnitReportReporter -->
<testsuite hostname="DESKTOP-E0NK1C9" failures="0" tests="1" name="exe_pkg.Resume_now_test" time="39.886" errors="0" timestamp="2023-10-27T15:03:54 IST" skipped="0">
  <testcase classname="exe_pkg.Resume_now_test" name="testresume" time="39.886"/>
  <system-out/>
</testsuite> <!-- exe_pkg.Resume_now_test -->
